{"version":8,"type":"context-options","origin":"library","browserName":"","playwrightVersion":"1.57.0","options":{},"platform":"linux","wallTime":1767416792511,"monotonicTime":274283.496,"sdkLanguage":"javascript","contextId":"request-context@3cb1c2704ec2f469e366742cb0f49a69","title":"smart-game-loop.spec.ts:6 › Smart Game Loop › Session -> Smart Spin -> Valid Audit"}
{"type":"before","callId":"call@2125","startTime":274284.302,"class":"APIRequestContext","method":"fetch","params":{"url":"/api/v1/auth/player/register","method":"POST","jsonData":"{\"username\":\"gamer1767416792509\",\"email\":\"smart_gamer_1767416792509@example.com\",\"password\":\"Password123!\",\"tenant_id\":\"default_casino\"}","timeout":0},"stepId":"pw:api@31","beforeSnapshot":"before@call@2125"}
{"type":"log","callId":"call@2125","time":274284.627,"message":"→ POST http://127.0.0.1:8001/api/v1/auth/player/register"}
{"type":"log","callId":"call@2125","time":274284.636,"message":"  user-agent: Playwright/1.57.0 (arm64; debian 12) node/20.19"}
{"type":"log","callId":"call@2125","time":274284.64,"message":"  accept: */*"}
{"type":"log","callId":"call@2125","time":274284.644,"message":"  accept-encoding: gzip,deflate,br"}
{"type":"log","callId":"call@2125","time":274284.647,"message":"  content-type: application/json"}
{"type":"log","callId":"call@2125","time":274284.65,"message":"  content-length: 136"}
{"type":"log","callId":"call@2125","time":274533.79,"message":"← 200 OK"}
{"type":"log","callId":"call@2125","time":274533.809,"message":"  date: Sat, 03 Jan 2026 05:06:31 GMT"}
{"type":"log","callId":"call@2125","time":274533.814,"message":"  server: uvicorn"}
{"type":"log","callId":"call@2125","time":274533.817,"message":"  content-length: 75"}
{"type":"log","callId":"call@2125","time":274533.821,"message":"  content-type: application/json"}
{"type":"log","callId":"call@2125","time":274533.824,"message":"  x-request-id: 778386ca-f5f3-4c49-8ce9-23a5082dde5e"}
{"type":"after","callId":"call@2125","endTime":274534.195,"result":{"response":{"url":"http://127.0.0.1:8001/api/v1/auth/player/register","status":200,"statusText":"OK","headers":[{"name":"date","value":"Sat, 03 Jan 2026 05:06:31 GMT"},{"name":"server","value":"uvicorn"},{"name":"content-length","value":"75"},{"name":"content-type","value":"application/json"},{"name":"x-request-id","value":"778386ca-f5f3-4c49-8ce9-23a5082dde5e"}],"fetchUid":"b08797d69b7e21ab9dcc523b007e85ef"}},"afterSnapshot":"after@call@2125"}
{"type":"before","callId":"call@2127","startTime":274535.151,"class":"APIRequestContext","method":"fetch","params":{"url":"/api/v1/auth/player/login","method":"POST","jsonData":"{\"email\":\"smart_gamer_1767416792509@example.com\",\"password\":\"Password123!\",\"tenant_id\":\"default_casino\"}","timeout":0},"stepId":"pw:api@32","beforeSnapshot":"before@call@2127"}
{"type":"log","callId":"call@2127","time":274535.431,"message":"→ POST http://127.0.0.1:8001/api/v1/auth/player/login"}
{"type":"log","callId":"call@2127","time":274535.437,"message":"  user-agent: Playwright/1.57.0 (arm64; debian 12) node/20.19"}
{"type":"log","callId":"call@2127","time":274535.441,"message":"  accept: */*"}
{"type":"log","callId":"call@2127","time":274535.445,"message":"  accept-encoding: gzip,deflate,br"}
{"type":"log","callId":"call@2127","time":274535.448,"message":"  content-type: application/json"}
{"type":"log","callId":"call@2127","time":274535.453,"message":"  content-length: 104"}
{"type":"log","callId":"call@2127","time":274785.263,"message":"← 200 OK"}
{"type":"log","callId":"call@2127","time":274785.284,"message":"  date: Sat, 03 Jan 2026 05:06:31 GMT"}
{"type":"log","callId":"call@2127","time":274785.289,"message":"  server: uvicorn"}
{"type":"log","callId":"call@2127","time":274785.292,"message":"  content-length: 377"}
{"type":"log","callId":"call@2127","time":274785.296,"message":"  content-type: application/json"}
{"type":"log","callId":"call@2127","time":274785.299,"message":"  x-request-id: 819da2a6-888b-463d-b018-e524e04bf037"}
{"type":"after","callId":"call@2127","endTime":274825.669,"result":{"response":{"url":"http://127.0.0.1:8001/api/v1/auth/player/login","status":200,"statusText":"OK","headers":[{"name":"date","value":"Sat, 03 Jan 2026 05:06:31 GMT"},{"name":"server","value":"uvicorn"},{"name":"content-length","value":"377"},{"name":"content-type","value":"application/json"},{"name":"x-request-id","value":"819da2a6-888b-463d-b018-e524e04bf037"}],"fetchUid":"602c767ce2c55071d1005a7598f51d75"}},"afterSnapshot":"after@call@2127"}
{"type":"before","callId":"call@2130","startTime":274827.01,"class":"APIRequestContext","method":"fetch","params":{"url":"/api/v1/player/wallet/deposit","method":"POST","headers":[{"name":"Authorization","value":"Bearer eyJhbGciOiJIUzI1NiIsInR5cCI6IkpXVCJ9.eyJzdWIiOiJhM2M5YThkMC1lNmY2LTQ1YmEtOTA3NC03MWMzMTgzMTcyMmQiLCJyb2xlIjoicGxheWVyIiwidGVuYW50X2lkIjoiZGVmYXVsdF9jYXNpbm8iLCJleHAiOjE3NjgwMjE1OTN9.Mk9ujyV4GdMPeH-oxtH70RUhMiHtBcLMUnENffTSGW0"},{"name":"Idempotency-Key","value":"dep-1767416793054"}],"jsonData":"{\"amount\":100,\"method\":\"test\"}","timeout":0},"stepId":"pw:api@33","beforeSnapshot":"before@call@2130"}
{"type":"log","callId":"call@2130","time":274827.311,"message":"→ POST http://127.0.0.1:8001/api/v1/player/wallet/deposit"}
{"type":"log","callId":"call@2130","time":274827.319,"message":"  user-agent: Playwright/1.57.0 (arm64; debian 12) node/20.19"}
{"type":"log","callId":"call@2130","time":274827.323,"message":"  accept: */*"}
{"type":"log","callId":"call@2130","time":274827.327,"message":"  accept-encoding: gzip,deflate,br"}
{"type":"log","callId":"call@2130","time":274827.33,"message":"  Authorization: Bearer eyJhbGciOiJIUzI1NiIsInR5cCI6IkpXVCJ9.eyJzdWIiOiJhM2M5YThkMC1lNmY2LTQ1YmEtOTA3NC03MWMzMTgzMTcyMmQiLCJyb2xlIjoicGxheWVyIiwidGVuYW50X2lkIjoiZGVmYXVsdF9jYXNpbm8iLCJleHAiOjE3NjgwMjE1OTN9.Mk9ujyV4GdMPeH-oxtH70RUhMiHtBcLMUnENffTSGW0"}
{"type":"log","callId":"call@2130","time":274827.334,"message":"  Idempotency-Key: dep-1767416793054"}
{"type":"log","callId":"call@2130","time":274827.337,"message":"  content-type: application/json"}
{"type":"log","callId":"call@2130","time":274827.34,"message":"  content-length: 30"}
{"type":"log","callId":"call@2130","time":274852.102,"message":"← 200 OK"}
{"type":"log","callId":"call@2130","time":274852.121,"message":"  date: Sat, 03 Jan 2026 05:06:31 GMT"}
{"type":"log","callId":"call@2130","time":274852.125,"message":"  server: uvicorn"}
{"type":"log","callId":"call@2130","time":274852.128,"message":"  content-length: 341"}
{"type":"log","callId":"call@2130","time":274852.131,"message":"  content-type: application/json"}
{"type":"log","callId":"call@2130","time":274852.134,"message":"  x-request-id: c7b5b7d0-d5e3-44d3-86f8-7254109ff68e"}
{"type":"after","callId":"call@2130","endTime":274892.7,"result":{"response":{"url":"http://127.0.0.1:8001/api/v1/player/wallet/deposit","status":200,"statusText":"OK","headers":[{"name":"date","value":"Sat, 03 Jan 2026 05:06:31 GMT"},{"name":"server","value":"uvicorn"},{"name":"content-length","value":"341"},{"name":"content-type","value":"application/json"},{"name":"x-request-id","value":"c7b5b7d0-d5e3-44d3-86f8-7254109ff68e"}],"fetchUid":"0620bb74cccd701e5dad2205bd2de62b"}},"afterSnapshot":"after@call@2130"}
{"type":"before","callId":"call@2132","startTime":274893.722,"class":"APIRequestContext","method":"fetch","params":{"url":"/api/v1/player/client-games","method":"GET","headers":[{"name":"Authorization","value":"Bearer eyJhbGciOiJIUzI1NiIsInR5cCI6IkpXVCJ9.eyJzdWIiOiJhM2M5YThkMC1lNmY2LTQ1YmEtOTA3NC03MWMzMTgzMTcyMmQiLCJyb2xlIjoicGxheWVyIiwidGVuYW50X2lkIjoiZGVmYXVsdF9jYXNpbm8iLCJleHAiOjE3NjgwMjE1OTN9.Mk9ujyV4GdMPeH-oxtH70RUhMiHtBcLMUnENffTSGW0"}],"timeout":0},"stepId":"pw:api@34","beforeSnapshot":"before@call@2132"}
{"type":"log","callId":"call@2132","time":274893.946,"message":"→ GET http://127.0.0.1:8001/api/v1/player/client-games"}
{"type":"log","callId":"call@2132","time":274893.952,"message":"  user-agent: Playwright/1.57.0 (arm64; debian 12) node/20.19"}
{"type":"log","callId":"call@2132","time":274893.956,"message":"  accept: */*"}
{"type":"log","callId":"call@2132","time":274893.959,"message":"  accept-encoding: gzip,deflate,br"}
{"type":"log","callId":"call@2132","time":274893.962,"message":"  Authorization: Bearer eyJhbGciOiJIUzI1NiIsInR5cCI6IkpXVCJ9.eyJzdWIiOiJhM2M5YThkMC1lNmY2LTQ1YmEtOTA3NC03MWMzMTgzMTcyMmQiLCJyb2xlIjoicGxheWVyIiwidGVuYW50X2lkIjoiZGVmYXVsdF9jYXNpbm8iLCJleHAiOjE3NjgwMjE1OTN9.Mk9ujyV4GdMPeH-oxtH70RUhMiHtBcLMUnENffTSGW0"}
{"type":"log","callId":"call@2132","time":274896.209,"message":"← 307 Temporary Redirect"}
{"type":"log","callId":"call@2132","time":274896.218,"message":"  date: Sat, 03 Jan 2026 05:06:33 GMT"}
{"type":"log","callId":"call@2132","time":274896.223,"message":"  server: uvicorn"}
{"type":"log","callId":"call@2132","time":274896.227,"message":"  content-length: 0"}
{"type":"log","callId":"call@2132","time":274896.23,"message":"  location: http://127.0.0.1:8001/api/v1/player/client-games/"}
{"type":"log","callId":"call@2132","time":274896.233,"message":"  x-request-id: fd8c481c-6068-4c3a-a6d5-cec70e1fcb13"}
{"type":"log","callId":"call@2132","time":274896.436,"message":"→ GET http://127.0.0.1:8001/api/v1/player/client-games/"}
{"type":"log","callId":"call@2132","time":274896.44,"message":"  user-agent: Playwright/1.57.0 (arm64; debian 12) node/20.19"}
{"type":"log","callId":"call@2132","time":274896.444,"message":"  accept: */*"}
{"type":"log","callId":"call@2132","time":274896.447,"message":"  accept-encoding: gzip,deflate,br"}
{"type":"log","callId":"call@2132","time":274896.45,"message":"  Authorization: Bearer eyJhbGciOiJIUzI1NiIsInR5cCI6IkpXVCJ9.eyJzdWIiOiJhM2M5YThkMC1lNmY2LTQ1YmEtOTA3NC03MWMzMTgzMTcyMmQiLCJyb2xlIjoicGxheWVyIiwidGVuYW50X2lkIjoiZGVmYXVsdF9jYXNpbm8iLCJleHAiOjE3NjgwMjE1OTN9.Mk9ujyV4GdMPeH-oxtH70RUhMiHtBcLMUnENffTSGW0"}
{"type":"log","callId":"call@2132","time":274900.539,"message":"← 200 OK"}
{"type":"log","callId":"call@2132","time":274900.552,"message":"  date: Sat, 03 Jan 2026 05:06:33 GMT"}
{"type":"log","callId":"call@2132","time":274900.556,"message":"  server: uvicorn"}
{"type":"log","callId":"call@2132","time":274900.559,"message":"  content-length: 340"}
{"type":"log","callId":"call@2132","time":274900.562,"message":"  content-type: application/json"}
{"type":"log","callId":"call@2132","time":274900.565,"message":"  x-request-id: d37ae3a6-3cac-4470-9461-4a1a2ec3142a"}
{"type":"after","callId":"call@2132","endTime":274900.86,"result":{"response":{"url":"http://127.0.0.1:8001/api/v1/player/client-games/","status":200,"statusText":"OK","headers":[{"name":"date","value":"Sat, 03 Jan 2026 05:06:33 GMT"},{"name":"server","value":"uvicorn"},{"name":"content-length","value":"340"},{"name":"content-type","value":"application/json"},{"name":"x-request-id","value":"d37ae3a6-3cac-4470-9461-4a1a2ec3142a"}],"fetchUid":"fae346ad76adb5960b56069768524f3d"}},"afterSnapshot":"after@call@2132"}
{"type":"before","callId":"call@2135","startTime":274902.543,"class":"APIRequestContext","method":"fetch","params":{"url":"/api/v1/player/client-games/launch","method":"POST","headers":[{"name":"Authorization","value":"Bearer eyJhbGciOiJIUzI1NiIsInR5cCI6IkpXVCJ9.eyJzdWIiOiJhM2M5YThkMC1lNmY2LTQ1YmEtOTA3NC03MWMzMTgzMTcyMmQiLCJyb2xlIjoicGxheWVyIiwidGVuYW50X2lkIjoiZGVmYXVsdF9jYXNpbm8iLCJleHAiOjE3NjgwMjE1OTN9.Mk9ujyV4GdMPeH-oxtH70RUhMiHtBcLMUnENffTSGW0"}],"jsonData":"{\"game_id\":\"59c2e316-a938-412e-a6b9-b749441ba33b\",\"currency\":\"USD\"}","timeout":0},"stepId":"pw:api@36","beforeSnapshot":"before@call@2135"}
{"type":"log","callId":"call@2135","time":274902.794,"message":"→ POST http://127.0.0.1:8001/api/v1/player/client-games/launch"}
{"type":"log","callId":"call@2135","time":274902.801,"message":"  user-agent: Playwright/1.57.0 (arm64; debian 12) node/20.19"}
{"type":"log","callId":"call@2135","time":274902.805,"message":"  accept: */*"}
{"type":"log","callId":"call@2135","time":274902.808,"message":"  accept-encoding: gzip,deflate,br"}
{"type":"log","callId":"call@2135","time":274902.811,"message":"  Authorization: Bearer eyJhbGciOiJIUzI1NiIsInR5cCI6IkpXVCJ9.eyJzdWIiOiJhM2M5YThkMC1lNmY2LTQ1YmEtOTA3NC03MWMzMTgzMTcyMmQiLCJyb2xlIjoicGxheWVyIiwidGVuYW50X2lkIjoiZGVmYXVsdF9jYXNpbm8iLCJleHAiOjE3NjgwMjE1OTN9.Mk9ujyV4GdMPeH-oxtH70RUhMiHtBcLMUnENffTSGW0"}
{"type":"log","callId":"call@2135","time":274902.815,"message":"  content-type: application/json"}
{"type":"log","callId":"call@2135","time":274902.818,"message":"  content-length: 67"}
{"type":"log","callId":"call@2135","time":274911.358,"message":"← 200 OK"}
{"type":"log","callId":"call@2135","time":274911.376,"message":"  date: Sat, 03 Jan 2026 05:06:33 GMT"}
{"type":"log","callId":"call@2135","time":274911.38,"message":"  server: uvicorn"}
{"type":"log","callId":"call@2135","time":274911.384,"message":"  content-length: 104"}
{"type":"log","callId":"call@2135","time":274911.387,"message":"  content-type: application/json"}
{"type":"log","callId":"call@2135","time":274911.39,"message":"  x-request-id: 867cbafd-95bc-48d3-a125-17148ae6145e"}
{"type":"after","callId":"call@2135","endTime":274951.75,"result":{"response":{"url":"http://127.0.0.1:8001/api/v1/player/client-games/launch","status":200,"statusText":"OK","headers":[{"name":"date","value":"Sat, 03 Jan 2026 05:06:33 GMT"},{"name":"server","value":"uvicorn"},{"name":"content-length","value":"104"},{"name":"content-type","value":"application/json"},{"name":"x-request-id","value":"867cbafd-95bc-48d3-a125-17148ae6145e"}],"fetchUid":"6fd646c7923c50601a20e114cbcd2e0b"}},"afterSnapshot":"after@call@2135"}
{"type":"before","callId":"call@2138","startTime":274954.238,"class":"APIRequestContext","method":"fetch","params":{"url":"/api/v1/mock-provider/spin","method":"POST","jsonData":"{\"session_id\":\"9c1c552b-9f17-4b3d-9c4f-a8ff37caaa42\",\"amount\":1,\"currency\":\"USD\"}","timeout":0},"stepId":"pw:api@37","beforeSnapshot":"before@call@2138"}
{"type":"log","callId":"call@2138","time":274954.51,"message":"→ POST http://127.0.0.1:8001/api/v1/mock-provider/spin"}
{"type":"log","callId":"call@2138","time":274954.518,"message":"  user-agent: Playwright/1.57.0 (arm64; debian 12) node/20.19"}
{"type":"log","callId":"call@2138","time":274954.522,"message":"  accept: */*"}
{"type":"log","callId":"call@2138","time":274954.525,"message":"  accept-encoding: gzip,deflate,br"}
{"type":"log","callId":"call@2138","time":274954.53,"message":"  content-type: application/json"}
{"type":"log","callId":"call@2138","time":274954.533,"message":"  content-length: 81"}
{"type":"log","callId":"call@2138","time":274973.396,"message":"← 200 OK"}
{"type":"log","callId":"call@2138","time":274973.418,"message":"  date: Sat, 03 Jan 2026 05:06:33 GMT"}
{"type":"log","callId":"call@2138","time":274973.423,"message":"  server: uvicorn"}
{"type":"log","callId":"call@2138","time":274973.426,"message":"  content-length: 526"}
{"type":"log","callId":"call@2138","time":274973.429,"message":"  content-type: application/json"}
{"type":"log","callId":"call@2138","time":274973.433,"message":"  x-request-id: de556f00-5bbd-4673-bd5f-1ee343d8dc26"}
{"type":"after","callId":"call@2138","endTime":275013.742,"result":{"response":{"url":"http://127.0.0.1:8001/api/v1/mock-provider/spin","status":200,"statusText":"OK","headers":[{"name":"date","value":"Sat, 03 Jan 2026 05:06:33 GMT"},{"name":"server","value":"uvicorn"},{"name":"content-length","value":"526"},{"name":"content-type","value":"application/json"},{"name":"x-request-id","value":"de556f00-5bbd-4673-bd5f-1ee343d8dc26"}],"fetchUid":"c745ca1a4c48fd3481a048c1a27d4825"}},"afterSnapshot":"after@call@2138"}
