{"version":8,"type":"context-options","origin":"library","browserName":"","playwrightVersion":"1.57.0","options":{},"platform":"linux","wallTime":1767416798298,"monotonicTime":280070.497,"sdkLanguage":"javascript","contextId":"request-context@11bc855d60c1489424e4808cf5e5f883","title":"tenant-policy.spec.ts:79 › Tenant Policy Limits (E2E-POLICY-001) › Deposit limit exceeded enforcement"}
{"type":"before","callId":"call@2655","startTime":280071.319,"class":"APIRequestContext","method":"fetch","params":{"url":"/api/v1/auth/player/login","method":"POST","jsonData":"{\"email\":\"policy-test-player-1767416798019@example.com\",\"password\":\"Player123!\",\"tenant_id\":\"default_casino\"}","timeout":0},"stepId":"pw:api@29","beforeSnapshot":"before@call@2655"}
{"type":"log","callId":"call@2655","time":280071.588,"message":"→ POST http://127.0.0.1:8001/api/v1/auth/player/login"}
{"type":"log","callId":"call@2655","time":280071.604,"message":"  user-agent: Playwright/1.57.0 (arm64; debian 12) node/20.19"}
{"type":"log","callId":"call@2655","time":280071.608,"message":"  accept: */*"}
{"type":"log","callId":"call@2655","time":280071.611,"message":"  accept-encoding: gzip,deflate,br"}
{"type":"log","callId":"call@2655","time":280071.615,"message":"  content-type: application/json"}
{"type":"log","callId":"call@2655","time":280071.618,"message":"  content-length: 109"}
{"type":"log","callId":"call@2655","time":280074.938,"message":"← 401 Unauthorized"}
{"type":"log","callId":"call@2655","time":280074.951,"message":"  date: Sat, 03 Jan 2026 05:06:37 GMT"}
{"type":"log","callId":"call@2655","time":280074.955,"message":"  server: uvicorn"}
{"type":"log","callId":"call@2655","time":280074.958,"message":"  content-length: 32"}
{"type":"log","callId":"call@2655","time":280074.961,"message":"  content-type: application/json"}
{"type":"log","callId":"call@2655","time":280074.964,"message":"  x-request-id: 48912a4c-ccfa-4dbf-a62c-24c29870f041"}
{"type":"after","callId":"call@2655","endTime":280115.72,"result":{"response":{"url":"http://127.0.0.1:8001/api/v1/auth/player/login","status":401,"statusText":"Unauthorized","headers":[{"name":"date","value":"Sat, 03 Jan 2026 05:06:37 GMT"},{"name":"server","value":"uvicorn"},{"name":"content-length","value":"32"},{"name":"content-type","value":"application/json"},{"name":"x-request-id","value":"48912a4c-ccfa-4dbf-a62c-24c29870f041"}],"fetchUid":"5dc402471a81c59eebd969500eebaffa"}},"afterSnapshot":"after@call@2655"}
{"type":"before","callId":"call@2657","startTime":280116.926,"class":"APIRequestContext","method":"fetch","params":{"url":"/api/v1/auth/player/register","method":"POST","jsonData":"{\"email\":\"policy-test-player-1767416798019@example.com\",\"password\":\"Player123!\",\"username\":\"policy-test-player-1767416798019\",\"tenant_id\":\"default_casino\"}","timeout":0},"stepId":"pw:api@30","beforeSnapshot":"before@call@2657"}
{"type":"log","callId":"call@2657","time":280117.203,"message":"→ POST http://127.0.0.1:8001/api/v1/auth/player/register"}
{"type":"log","callId":"call@2657","time":280117.212,"message":"  user-agent: Playwright/1.57.0 (arm64; debian 12) node/20.19"}
{"type":"log","callId":"call@2657","time":280117.216,"message":"  accept: */*"}
{"type":"log","callId":"call@2657","time":280117.219,"message":"  accept-encoding: gzip,deflate,br"}
{"type":"log","callId":"call@2657","time":280117.223,"message":"  content-type: application/json"}
{"type":"log","callId":"call@2657","time":280117.226,"message":"  content-length: 155"}
{"type":"log","callId":"call@2657","time":280365.053,"message":"← 200 OK"}
{"type":"log","callId":"call@2657","time":280365.076,"message":"  date: Sat, 03 Jan 2026 05:06:37 GMT"}
{"type":"log","callId":"call@2657","time":280365.08,"message":"  server: uvicorn"}
{"type":"log","callId":"call@2657","time":280365.083,"message":"  content-length: 75"}
{"type":"log","callId":"call@2657","time":280365.086,"message":"  content-type: application/json"}
{"type":"log","callId":"call@2657","time":280365.09,"message":"  x-request-id: fc2ecca2-6a51-4061-b92b-e1a9fb5b58ea"}
{"type":"after","callId":"call@2657","endTime":280405.718,"result":{"response":{"url":"http://127.0.0.1:8001/api/v1/auth/player/register","status":200,"statusText":"OK","headers":[{"name":"date","value":"Sat, 03 Jan 2026 05:06:37 GMT"},{"name":"server","value":"uvicorn"},{"name":"content-length","value":"75"},{"name":"content-type","value":"application/json"},{"name":"x-request-id","value":"fc2ecca2-6a51-4061-b92b-e1a9fb5b58ea"}],"fetchUid":"905dcb3938578092fbe65c791e56da80"}},"afterSnapshot":"after@call@2657"}
{"type":"before","callId":"call@2659","startTime":280406.858,"class":"APIRequestContext","method":"fetch","params":{"url":"/api/v1/auth/player/login","method":"POST","jsonData":"{\"email\":\"policy-test-player-1767416798019@example.com\",\"password\":\"Player123!\",\"tenant_id\":\"default_casino\"}","timeout":0},"stepId":"pw:api@31","beforeSnapshot":"before@call@2659"}
{"type":"log","callId":"call@2659","time":280407.119,"message":"→ POST http://127.0.0.1:8001/api/v1/auth/player/login"}
{"type":"log","callId":"call@2659","time":280407.126,"message":"  user-agent: Playwright/1.57.0 (arm64; debian 12) node/20.19"}
{"type":"log","callId":"call@2659","time":280407.13,"message":"  accept: */*"}
{"type":"log","callId":"call@2659","time":280407.133,"message":"  accept-encoding: gzip,deflate,br"}
{"type":"log","callId":"call@2659","time":280407.136,"message":"  content-type: application/json"}
{"type":"log","callId":"call@2659","time":280407.139,"message":"  content-length: 109"}
{"type":"log","callId":"call@2659","time":280649.364,"message":"← 200 OK"}
{"type":"log","callId":"call@2659","time":280649.386,"message":"  date: Sat, 03 Jan 2026 05:06:37 GMT"}
{"type":"log","callId":"call@2659","time":280649.39,"message":"  server: uvicorn"}
{"type":"log","callId":"call@2659","time":280649.394,"message":"  content-length: 391"}
{"type":"log","callId":"call@2659","time":280649.397,"message":"  content-type: application/json"}
{"type":"log","callId":"call@2659","time":280649.4,"message":"  x-request-id: 2be06c8c-47fb-4062-985e-e2f145b4bbc1"}
{"type":"after","callId":"call@2659","endTime":280689.749,"result":{"response":{"url":"http://127.0.0.1:8001/api/v1/auth/player/login","status":200,"statusText":"OK","headers":[{"name":"date","value":"Sat, 03 Jan 2026 05:06:37 GMT"},{"name":"server","value":"uvicorn"},{"name":"content-length","value":"391"},{"name":"content-type","value":"application/json"},{"name":"x-request-id","value":"2be06c8c-47fb-4062-985e-e2f145b4bbc1"}],"fetchUid":"38daf8985ecb1a1e072be260ad83a006"}},"afterSnapshot":"after@call@2659"}
