{"version":8,"type":"context-options","origin":"library","browserName":"","playwrightVersion":"1.57.0","options":{},"platform":"linux","wallTime":1767416783764,"monotonicTime":265536.272,"sdkLanguage":"javascript","contextId":"request-context@1c5c6abf54822a44185177c588b2664a","title":"money-path.spec.ts:522 › P06-204: Replay / dedupe for payout and webhook"}
{"type":"before","callId":"call@832","startTime":265537.045,"class":"APIRequestContext","method":"fetch","params":{"url":"/api/v1/auth/player/login","method":"POST","jsonData":"{\"email\":\"e2e_webhook_1767416783763@test.local\",\"password\":\"Player123!\",\"tenant_id\":\"default_casino\"}","timeout":0},"stepId":"pw:api@57","beforeSnapshot":"before@call@832"}
{"type":"log","callId":"call@832","time":265537.347,"message":"→ POST http://127.0.0.1:8001/api/v1/auth/player/login"}
{"type":"log","callId":"call@832","time":265537.357,"message":"  user-agent: Playwright/1.57.0 (arm64; debian 12) node/20.19"}
{"type":"log","callId":"call@832","time":265537.361,"message":"  accept: */*"}
{"type":"log","callId":"call@832","time":265537.365,"message":"  accept-encoding: gzip,deflate,br"}
{"type":"log","callId":"call@832","time":265537.368,"message":"  content-type: application/json"}
{"type":"log","callId":"call@832","time":265537.371,"message":"  content-length: 101"}
{"type":"log","callId":"call@832","time":265540.772,"message":"← 401 Unauthorized"}
{"type":"log","callId":"call@832","time":265540.784,"message":"  date: Sat, 03 Jan 2026 05:06:23 GMT"}
{"type":"log","callId":"call@832","time":265540.787,"message":"  server: uvicorn"}
{"type":"log","callId":"call@832","time":265540.79,"message":"  content-length: 32"}
{"type":"log","callId":"call@832","time":265540.793,"message":"  content-type: application/json"}
{"type":"log","callId":"call@832","time":265540.796,"message":"  x-request-id: 1c519757-b7f2-4c4b-9ff3-cf65b96546f1"}
{"type":"after","callId":"call@832","endTime":265581.709,"result":{"response":{"url":"http://127.0.0.1:8001/api/v1/auth/player/login","status":401,"statusText":"Unauthorized","headers":[{"name":"date","value":"Sat, 03 Jan 2026 05:06:23 GMT"},{"name":"server","value":"uvicorn"},{"name":"content-length","value":"32"},{"name":"content-type","value":"application/json"},{"name":"x-request-id","value":"1c519757-b7f2-4c4b-9ff3-cf65b96546f1"}],"fetchUid":"01e2b0f192a8e21828c3eaa2fd505a6e"}},"afterSnapshot":"after@call@832"}
{"type":"before","callId":"call@834","startTime":265582.829,"class":"APIRequestContext","method":"fetch","params":{"url":"/api/v1/auth/player/register","method":"POST","jsonData":"{\"email\":\"e2e_webhook_1767416783763@test.local\",\"password\":\"Player123!\",\"username\":\"e2e_webhook_1767416783763\",\"tenant_id\":\"default_casino\"}","timeout":0},"stepId":"pw:api@58","beforeSnapshot":"before@call@834"}
{"type":"log","callId":"call@834","time":265583.109,"message":"→ POST http://127.0.0.1:8001/api/v1/auth/player/register"}
{"type":"log","callId":"call@834","time":265583.117,"message":"  user-agent: Playwright/1.57.0 (arm64; debian 12) node/20.19"}
{"type":"log","callId":"call@834","time":265583.121,"message":"  accept: */*"}
{"type":"log","callId":"call@834","time":265583.124,"message":"  accept-encoding: gzip,deflate,br"}
{"type":"log","callId":"call@834","time":265583.127,"message":"  content-type: application/json"}
{"type":"log","callId":"call@834","time":265583.13,"message":"  content-length: 140"}
{"type":"log","callId":"call@834","time":265830.67,"message":"← 200 OK"}
{"type":"log","callId":"call@834","time":265830.702,"message":"  date: Sat, 03 Jan 2026 05:06:23 GMT"}
{"type":"log","callId":"call@834","time":265830.707,"message":"  server: uvicorn"}
{"type":"log","callId":"call@834","time":265830.711,"message":"  content-length: 75"}
{"type":"log","callId":"call@834","time":265830.714,"message":"  content-type: application/json"}
{"type":"log","callId":"call@834","time":265830.717,"message":"  x-request-id: 2a930f90-963b-4838-9600-a09292375623"}
{"type":"after","callId":"call@834","endTime":265871.716,"result":{"response":{"url":"http://127.0.0.1:8001/api/v1/auth/player/register","status":200,"statusText":"OK","headers":[{"name":"date","value":"Sat, 03 Jan 2026 05:06:23 GMT"},{"name":"server","value":"uvicorn"},{"name":"content-length","value":"75"},{"name":"content-type","value":"application/json"},{"name":"x-request-id","value":"2a930f90-963b-4838-9600-a09292375623"}],"fetchUid":"f08635c91a1df82453860236a518fa06"}},"afterSnapshot":"after@call@834"}
{"type":"before","callId":"call@837","startTime":265873.063,"class":"APIRequestContext","method":"fetch","params":{"url":"/api/v1/auth/player/login","method":"POST","jsonData":"{\"email\":\"e2e_webhook_1767416783763@test.local\",\"password\":\"Player123!\",\"tenant_id\":\"default_casino\"}","timeout":0},"stepId":"pw:api@59","beforeSnapshot":"before@call@837"}
{"type":"log","callId":"call@837","time":265873.342,"message":"→ POST http://127.0.0.1:8001/api/v1/auth/player/login"}
{"type":"log","callId":"call@837","time":265873.351,"message":"  user-agent: Playwright/1.57.0 (arm64; debian 12) node/20.19"}
{"type":"log","callId":"call@837","time":265873.355,"message":"  accept: */*"}
{"type":"log","callId":"call@837","time":265873.357,"message":"  accept-encoding: gzip,deflate,br"}
{"type":"log","callId":"call@837","time":265873.36,"message":"  content-type: application/json"}
{"type":"log","callId":"call@837","time":265873.363,"message":"  content-length: 101"}
{"type":"log","callId":"call@837","time":266115.716,"message":"← 200 OK"}
{"type":"log","callId":"call@837","time":266115.74,"message":"  date: Sat, 03 Jan 2026 05:06:23 GMT"}
{"type":"log","callId":"call@837","time":266115.744,"message":"  server: uvicorn"}
{"type":"log","callId":"call@837","time":266115.748,"message":"  content-length: 384"}
{"type":"log","callId":"call@837","time":266115.751,"message":"  content-type: application/json"}
{"type":"log","callId":"call@837","time":266115.754,"message":"  x-request-id: db264641-a187-4666-bcdc-ccfde7bcb31b"}
{"type":"after","callId":"call@837","endTime":266156.704,"result":{"response":{"url":"http://127.0.0.1:8001/api/v1/auth/player/login","status":200,"statusText":"OK","headers":[{"name":"date","value":"Sat, 03 Jan 2026 05:06:23 GMT"},{"name":"server","value":"uvicorn"},{"name":"content-length","value":"384"},{"name":"content-type","value":"application/json"},{"name":"x-request-id","value":"db264641-a187-4666-bcdc-ccfde7bcb31b"}],"fetchUid":"73735029e9b0de12d1441ea2807bfb28"}},"afterSnapshot":"after@call@837"}
