{"version":8,"type":"context-options","origin":"library","browserName":"","playwrightVersion":"1.57.0","options":{},"platform":"linux","wallTime":1767416781323,"monotonicTime":263095.047,"sdkLanguage":"javascript","contextId":"request-context@643ab2a8b83b539ab27200b94984aac4","title":"money-path.spec.ts:445 › P06-203: Withdraw -> approve -> payout fail -> retry success"}
{"type":"before","callId":"call@523","startTime":263743.601,"class":"APIRequestContext","method":"fetch","params":{"url":"http://127.0.0.1:8001/api/v1/player/wallet/balance?t=1767416781970","method":"GET","headers":[{"name":"Authorization","value":"Bearer eyJhbGciOiJIUzI1NiIsInR5cCI6IkpXVCJ9.eyJzdWIiOiJjNWY1OGUwOC1iNjkzLTRlNmUtYjkyMS02ZDY0ZjlmMzAxM2YiLCJyb2xlIjoicGxheWVyIiwidGVuYW50X2lkIjoiZGVmYXVsdF9jYXNpbm8iLCJleHAiOjE3NjgwMjE1ODF9.cxTKYrBo1fz5iBEEJp_BZwjNeMIJdK0w1JHLq7wB9mU"},{"name":"Cache-Control","value":"no-cache"},{"name":"Pragma","value":"no-cache"}],"timeout":0},"stepId":"pw:api@38","beforeSnapshot":"before@call@523"}
{"type":"log","callId":"call@523","time":263743.952,"message":"→ GET http://127.0.0.1:8001/api/v1/player/wallet/balance?t=1767416781970"}
{"type":"log","callId":"call@523","time":263743.961,"message":"  user-agent: Playwright/1.57.0 (arm64; debian 12) node/20.19"}
{"type":"log","callId":"call@523","time":263743.965,"message":"  accept: */*"}
{"type":"log","callId":"call@523","time":263743.967,"message":"  accept-encoding: gzip,deflate,br"}
{"type":"log","callId":"call@523","time":263743.97,"message":"  Authorization: Bearer eyJhbGciOiJIUzI1NiIsInR5cCI6IkpXVCJ9.eyJzdWIiOiJjNWY1OGUwOC1iNjkzLTRlNmUtYjkyMS02ZDY0ZjlmMzAxM2YiLCJyb2xlIjoicGxheWVyIiwidGVuYW50X2lkIjoiZGVmYXVsdF9jYXNpbm8iLCJleHAiOjE3NjgwMjE1ODF9.cxTKYrBo1fz5iBEEJp_BZwjNeMIJdK0w1JHLq7wB9mU"}
{"type":"log","callId":"call@523","time":263743.973,"message":"  Cache-Control: no-cache"}
{"type":"log","callId":"call@523","time":263743.976,"message":"  Pragma: no-cache"}
{"type":"log","callId":"call@523","time":263748.511,"message":"← 200 OK"}
{"type":"log","callId":"call@523","time":263748.525,"message":"  date: Sat, 03 Jan 2026 05:06:21 GMT"}
{"type":"log","callId":"call@523","time":263748.529,"message":"  server: uvicorn"}
{"type":"log","callId":"call@523","time":263748.532,"message":"  content-length: 53"}
{"type":"log","callId":"call@523","time":263748.535,"message":"  content-type: application/json"}
{"type":"log","callId":"call@523","time":263748.538,"message":"  x-request-id: f9ea6bd8-365c-4ded-b4cc-523e96131ad9"}
{"type":"after","callId":"call@523","endTime":263789.781,"result":{"response":{"url":"http://127.0.0.1:8001/api/v1/player/wallet/balance?t=1767416781970","status":200,"statusText":"OK","headers":[{"name":"date","value":"Sat, 03 Jan 2026 05:06:21 GMT"},{"name":"server","value":"uvicorn"},{"name":"content-length","value":"53"},{"name":"content-type","value":"application/json"},{"name":"x-request-id","value":"f9ea6bd8-365c-4ded-b4cc-523e96131ad9"}],"fetchUid":"34c5da59eac7b5a7a690263f5c541630"}},"afterSnapshot":"after@call@523"}
{"type":"before","callId":"call@534","startTime":263862.122,"class":"APIRequestContext","method":"fetch","params":{"url":"http://127.0.0.1:8001/api/v1/player/wallet/balance?t=1767416782089","method":"GET","headers":[{"name":"Authorization","value":"Bearer eyJhbGciOiJIUzI1NiIsInR5cCI6IkpXVCJ9.eyJzdWIiOiJjNWY1OGUwOC1iNjkzLTRlNmUtYjkyMS02ZDY0ZjlmMzAxM2YiLCJyb2xlIjoicGxheWVyIiwidGVuYW50X2lkIjoiZGVmYXVsdF9jYXNpbm8iLCJleHAiOjE3NjgwMjE1ODF9.cxTKYrBo1fz5iBEEJp_BZwjNeMIJdK0w1JHLq7wB9mU"},{"name":"Cache-Control","value":"no-cache"},{"name":"Pragma","value":"no-cache"}],"timeout":0},"stepId":"pw:api@41","beforeSnapshot":"before@call@534"}
{"type":"log","callId":"call@534","time":263862.401,"message":"→ GET http://127.0.0.1:8001/api/v1/player/wallet/balance?t=1767416782089"}
{"type":"log","callId":"call@534","time":263862.409,"message":"  user-agent: Playwright/1.57.0 (arm64; debian 12) node/20.19"}
{"type":"log","callId":"call@534","time":263862.413,"message":"  accept: */*"}
{"type":"log","callId":"call@534","time":263862.415,"message":"  accept-encoding: gzip,deflate,br"}
{"type":"log","callId":"call@534","time":263862.418,"message":"  Authorization: Bearer eyJhbGciOiJIUzI1NiIsInR5cCI6IkpXVCJ9.eyJzdWIiOiJjNWY1OGUwOC1iNjkzLTRlNmUtYjkyMS02ZDY0ZjlmMzAxM2YiLCJyb2xlIjoicGxheWVyIiwidGVuYW50X2lkIjoiZGVmYXVsdF9jYXNpbm8iLCJleHAiOjE3NjgwMjE1ODF9.cxTKYrBo1fz5iBEEJp_BZwjNeMIJdK0w1JHLq7wB9mU"}
{"type":"log","callId":"call@534","time":263862.421,"message":"  Cache-Control: no-cache"}
{"type":"log","callId":"call@534","time":263862.424,"message":"  Pragma: no-cache"}
{"type":"log","callId":"call@534","time":263866.745,"message":"← 200 OK"}
{"type":"log","callId":"call@534","time":263866.759,"message":"  date: Sat, 03 Jan 2026 05:06:21 GMT"}
{"type":"log","callId":"call@534","time":263866.763,"message":"  server: uvicorn"}
{"type":"log","callId":"call@534","time":263866.766,"message":"  content-length: 57"}
{"type":"log","callId":"call@534","time":263866.768,"message":"  content-type: application/json"}
{"type":"log","callId":"call@534","time":263866.771,"message":"  x-request-id: 966f4891-0046-47c0-8c36-0c573a931766"}
{"type":"after","callId":"call@534","endTime":263908.714,"result":{"response":{"url":"http://127.0.0.1:8001/api/v1/player/wallet/balance?t=1767416782089","status":200,"statusText":"OK","headers":[{"name":"date","value":"Sat, 03 Jan 2026 05:06:21 GMT"},{"name":"server","value":"uvicorn"},{"name":"content-length","value":"57"},{"name":"content-type","value":"application/json"},{"name":"x-request-id","value":"966f4891-0046-47c0-8c36-0c573a931766"}],"fetchUid":"560ddf3cb584acdbfa61b38baa64a75c"}},"afterSnapshot":"after@call@534"}
{"type":"before","callId":"call@545","startTime":263979.152,"class":"APIRequestContext","method":"fetch","params":{"url":"http://127.0.0.1:8001/api/v1/player/wallet/balance?t=1767416782206","method":"GET","headers":[{"name":"Authorization","value":"Bearer eyJhbGciOiJIUzI1NiIsInR5cCI6IkpXVCJ9.eyJzdWIiOiJjNWY1OGUwOC1iNjkzLTRlNmUtYjkyMS02ZDY0ZjlmMzAxM2YiLCJyb2xlIjoicGxheWVyIiwidGVuYW50X2lkIjoiZGVmYXVsdF9jYXNpbm8iLCJleHAiOjE3NjgwMjE1ODF9.cxTKYrBo1fz5iBEEJp_BZwjNeMIJdK0w1JHLq7wB9mU"},{"name":"Cache-Control","value":"no-cache"},{"name":"Pragma","value":"no-cache"}],"timeout":0},"stepId":"pw:api@44","beforeSnapshot":"before@call@545"}
{"type":"log","callId":"call@545","time":263979.43,"message":"→ GET http://127.0.0.1:8001/api/v1/player/wallet/balance?t=1767416782206"}
{"type":"log","callId":"call@545","time":263979.438,"message":"  user-agent: Playwright/1.57.0 (arm64; debian 12) node/20.19"}
{"type":"log","callId":"call@545","time":263979.443,"message":"  accept: */*"}
{"type":"log","callId":"call@545","time":263979.446,"message":"  accept-encoding: gzip,deflate,br"}
{"type":"log","callId":"call@545","time":263979.449,"message":"  Authorization: Bearer eyJhbGciOiJIUzI1NiIsInR5cCI6IkpXVCJ9.eyJzdWIiOiJjNWY1OGUwOC1iNjkzLTRlNmUtYjkyMS02ZDY0ZjlmMzAxM2YiLCJyb2xlIjoicGxheWVyIiwidGVuYW50X2lkIjoiZGVmYXVsdF9jYXNpbm8iLCJleHAiOjE3NjgwMjE1ODF9.cxTKYrBo1fz5iBEEJp_BZwjNeMIJdK0w1JHLq7wB9mU"}
{"type":"log","callId":"call@545","time":263979.452,"message":"  Cache-Control: no-cache"}
{"type":"log","callId":"call@545","time":263979.455,"message":"  Pragma: no-cache"}
{"type":"log","callId":"call@545","time":263984.144,"message":"← 200 OK"}
{"type":"log","callId":"call@545","time":263984.173,"message":"  date: Sat, 03 Jan 2026 05:06:21 GMT"}
{"type":"log","callId":"call@545","time":263984.178,"message":"  server: uvicorn"}
{"type":"log","callId":"call@545","time":263984.182,"message":"  content-length: 58"}
{"type":"log","callId":"call@545","time":263984.185,"message":"  content-type: application/json"}
{"type":"log","callId":"call@545","time":263984.188,"message":"  x-request-id: 1881a543-3ddb-400b-a07b-364b5b833b66"}
{"type":"after","callId":"call@545","endTime":264025.742,"result":{"response":{"url":"http://127.0.0.1:8001/api/v1/player/wallet/balance?t=1767416782206","status":200,"statusText":"OK","headers":[{"name":"date","value":"Sat, 03 Jan 2026 05:06:21 GMT"},{"name":"server","value":"uvicorn"},{"name":"content-length","value":"58"},{"name":"content-type","value":"application/json"},{"name":"x-request-id","value":"1881a543-3ddb-400b-a07b-364b5b833b66"}],"fetchUid":"d8fedf4f4dbfdd2fc844d3a733d7f8c5"}},"afterSnapshot":"after@call@545"}
{"type":"before","callId":"call@572","startTime":264220.124,"class":"APIRequestContext","method":"fetch","params":{"url":"http://127.0.0.1:8001/api/v1/player/wallet/balance?t=1767416782447","method":"GET","headers":[{"name":"Authorization","value":"Bearer eyJhbGciOiJIUzI1NiIsInR5cCI6IkpXVCJ9.eyJzdWIiOiJjNWY1OGUwOC1iNjkzLTRlNmUtYjkyMS02ZDY0ZjlmMzAxM2YiLCJyb2xlIjoicGxheWVyIiwidGVuYW50X2lkIjoiZGVmYXVsdF9jYXNpbm8iLCJleHAiOjE3NjgwMjE1ODF9.cxTKYrBo1fz5iBEEJp_BZwjNeMIJdK0w1JHLq7wB9mU"},{"name":"Cache-Control","value":"no-cache"},{"name":"Pragma","value":"no-cache"}],"timeout":0},"stepId":"pw:api@54","beforeSnapshot":"before@call@572"}
{"type":"log","callId":"call@572","time":264220.401,"message":"→ GET http://127.0.0.1:8001/api/v1/player/wallet/balance?t=1767416782447"}
{"type":"log","callId":"call@572","time":264220.409,"message":"  user-agent: Playwright/1.57.0 (arm64; debian 12) node/20.19"}
{"type":"log","callId":"call@572","time":264220.412,"message":"  accept: */*"}
{"type":"log","callId":"call@572","time":264220.415,"message":"  accept-encoding: gzip,deflate,br"}
{"type":"log","callId":"call@572","time":264220.417,"message":"  Authorization: Bearer eyJhbGciOiJIUzI1NiIsInR5cCI6IkpXVCJ9.eyJzdWIiOiJjNWY1OGUwOC1iNjkzLTRlNmUtYjkyMS02ZDY0ZjlmMzAxM2YiLCJyb2xlIjoicGxheWVyIiwidGVuYW50X2lkIjoiZGVmYXVsdF9jYXNpbm8iLCJleHAiOjE3NjgwMjE1ODF9.cxTKYrBo1fz5iBEEJp_BZwjNeMIJdK0w1JHLq7wB9mU"}
{"type":"log","callId":"call@572","time":264220.421,"message":"  Cache-Control: no-cache"}
{"type":"log","callId":"call@572","time":264220.423,"message":"  Pragma: no-cache"}
{"type":"log","callId":"call@572","time":264224.744,"message":"← 200 OK"}
{"type":"log","callId":"call@572","time":264224.755,"message":"  date: Sat, 03 Jan 2026 05:06:22 GMT"}
{"type":"log","callId":"call@572","time":264224.759,"message":"  server: uvicorn"}
{"type":"log","callId":"call@572","time":264224.761,"message":"  content-length: 58"}
{"type":"log","callId":"call@572","time":264224.768,"message":"  content-type: application/json"}
{"type":"log","callId":"call@572","time":264224.802,"message":"  x-request-id: 19195fd0-1e8e-424c-b150-9dbbc82ed517"}
{"type":"after","callId":"call@572","endTime":264266.704,"result":{"response":{"url":"http://127.0.0.1:8001/api/v1/player/wallet/balance?t=1767416782447","status":200,"statusText":"OK","headers":[{"name":"date","value":"Sat, 03 Jan 2026 05:06:22 GMT"},{"name":"server","value":"uvicorn"},{"name":"content-length","value":"58"},{"name":"content-type","value":"application/json"},{"name":"x-request-id","value":"19195fd0-1e8e-424c-b150-9dbbc82ed517"}],"fetchUid":"6864a389652dbbde494c75f73af155a4"}},"afterSnapshot":"after@call@572"}
{"type":"before","callId":"call@593","startTime":264427.207,"class":"APIRequestContext","method":"fetch","params":{"url":"http://127.0.0.1:8001/api/v1/player/wallet/balance?t=1767416782654","method":"GET","headers":[{"name":"Authorization","value":"Bearer eyJhbGciOiJIUzI1NiIsInR5cCI6IkpXVCJ9.eyJzdWIiOiJjNWY1OGUwOC1iNjkzLTRlNmUtYjkyMS02ZDY0ZjlmMzAxM2YiLCJyb2xlIjoicGxheWVyIiwidGVuYW50X2lkIjoiZGVmYXVsdF9jYXNpbm8iLCJleHAiOjE3NjgwMjE1ODF9.cxTKYrBo1fz5iBEEJp_BZwjNeMIJdK0w1JHLq7wB9mU"},{"name":"Cache-Control","value":"no-cache"},{"name":"Pragma","value":"no-cache"}],"timeout":0},"stepId":"pw:api@63","beforeSnapshot":"before@call@593"}
{"type":"log","callId":"call@593","time":264427.484,"message":"→ GET http://127.0.0.1:8001/api/v1/player/wallet/balance?t=1767416782654"}
{"type":"log","callId":"call@593","time":264427.492,"message":"  user-agent: Playwright/1.57.0 (arm64; debian 12) node/20.19"}
{"type":"log","callId":"call@593","time":264427.496,"message":"  accept: */*"}
{"type":"log","callId":"call@593","time":264427.498,"message":"  accept-encoding: gzip,deflate,br"}
{"type":"log","callId":"call@593","time":264427.502,"message":"  Authorization: Bearer eyJhbGciOiJIUzI1NiIsInR5cCI6IkpXVCJ9.eyJzdWIiOiJjNWY1OGUwOC1iNjkzLTRlNmUtYjkyMS02ZDY0ZjlmMzAxM2YiLCJyb2xlIjoicGxheWVyIiwidGVuYW50X2lkIjoiZGVmYXVsdF9jYXNpbm8iLCJleHAiOjE3NjgwMjE1ODF9.cxTKYrBo1fz5iBEEJp_BZwjNeMIJdK0w1JHLq7wB9mU"}
{"type":"log","callId":"call@593","time":264427.505,"message":"  Cache-Control: no-cache"}
{"type":"log","callId":"call@593","time":264427.507,"message":"  Pragma: no-cache"}
{"type":"log","callId":"call@593","time":264432.048,"message":"← 200 OK"}
{"type":"log","callId":"call@593","time":264432.065,"message":"  date: Sat, 03 Jan 2026 05:06:22 GMT"}
{"type":"log","callId":"call@593","time":264432.069,"message":"  server: uvicorn"}
{"type":"log","callId":"call@593","time":264432.072,"message":"  content-length: 57"}
{"type":"log","callId":"call@593","time":264432.074,"message":"  content-type: application/json"}
{"type":"log","callId":"call@593","time":264432.077,"message":"  x-request-id: bb0ecdfa-82bd-4eab-a834-d49d69521e0c"}
{"type":"after","callId":"call@593","endTime":264472.73,"result":{"response":{"url":"http://127.0.0.1:8001/api/v1/player/wallet/balance?t=1767416782654","status":200,"statusText":"OK","headers":[{"name":"date","value":"Sat, 03 Jan 2026 05:06:22 GMT"},{"name":"server","value":"uvicorn"},{"name":"content-length","value":"57"},{"name":"content-type","value":"application/json"},{"name":"x-request-id","value":"bb0ecdfa-82bd-4eab-a834-d49d69521e0c"}],"fetchUid":"a978f4c844ac5c8c5c8ba7ffa889946d"}},"afterSnapshot":"after@call@593"}
