{"version":8,"type":"context-options","origin":"library","browserName":"","playwrightVersion":"1.57.0","options":{},"platform":"linux","wallTime":1767416781328,"monotonicTime":263100.461,"sdkLanguage":"javascript","contextId":"request-context@cf4147af1c6cbfb4192627fecfe43a2c","title":"money-path.spec.ts:445 › P06-203: Withdraw -> approve -> payout fail -> retry success"}
{"type":"before","callId":"call@507","startTime":263101.153,"class":"APIRequestContext","method":"fetch","params":{"url":"/api/v1/auth/player/login","method":"POST","jsonData":"{\"email\":\"e2e_p06_203_1767416781327@test.local\",\"password\":\"Player123!\",\"tenant_id\":\"default_casino\"}","timeout":0},"stepId":"pw:api@33","beforeSnapshot":"before@call@507"}
{"type":"log","callId":"call@507","time":263101.664,"message":"→ POST http://127.0.0.1:8001/api/v1/auth/player/login"}
{"type":"log","callId":"call@507","time":263101.674,"message":"  user-agent: Playwright/1.57.0 (arm64; debian 12) node/20.19"}
{"type":"log","callId":"call@507","time":263101.678,"message":"  accept: */*"}
{"type":"log","callId":"call@507","time":263101.681,"message":"  accept-encoding: gzip,deflate,br"}
{"type":"log","callId":"call@507","time":263101.684,"message":"  content-type: application/json"}
{"type":"log","callId":"call@507","time":263101.686,"message":"  content-length: 101"}
{"type":"log","callId":"call@507","time":263107.97,"message":"← 401 Unauthorized"}
{"type":"log","callId":"call@507","time":263107.987,"message":"  date: Sat, 03 Jan 2026 05:06:21 GMT"}
{"type":"log","callId":"call@507","time":263107.99,"message":"  server: uvicorn"}
{"type":"log","callId":"call@507","time":263107.993,"message":"  content-length: 32"}
{"type":"log","callId":"call@507","time":263107.995,"message":"  content-type: application/json"}
{"type":"log","callId":"call@507","time":263107.998,"message":"  x-request-id: 629d4a66-29d4-41ba-b5cd-82e309a0a3de"}
{"type":"after","callId":"call@507","endTime":263108.331,"result":{"response":{"url":"http://127.0.0.1:8001/api/v1/auth/player/login","status":401,"statusText":"Unauthorized","headers":[{"name":"date","value":"Sat, 03 Jan 2026 05:06:21 GMT"},{"name":"server","value":"uvicorn"},{"name":"content-length","value":"32"},{"name":"content-type","value":"application/json"},{"name":"x-request-id","value":"629d4a66-29d4-41ba-b5cd-82e309a0a3de"}],"fetchUid":"49d84d36f1da6f5774f636ac7389bd0d"}},"afterSnapshot":"after@call@507"}
{"type":"before","callId":"call@509","startTime":263109.279,"class":"APIRequestContext","method":"fetch","params":{"url":"/api/v1/auth/player/register","method":"POST","jsonData":"{\"email\":\"e2e_p06_203_1767416781327@test.local\",\"password\":\"Player123!\",\"username\":\"e2e_p06_203_1767416781327\",\"tenant_id\":\"default_casino\"}","timeout":0},"stepId":"pw:api@34","beforeSnapshot":"before@call@509"}
{"type":"log","callId":"call@509","time":263109.55,"message":"→ POST http://127.0.0.1:8001/api/v1/auth/player/register"}
{"type":"log","callId":"call@509","time":263109.557,"message":"  user-agent: Playwright/1.57.0 (arm64; debian 12) node/20.19"}
{"type":"log","callId":"call@509","time":263109.56,"message":"  accept: */*"}
{"type":"log","callId":"call@509","time":263109.563,"message":"  accept-encoding: gzip,deflate,br"}
{"type":"log","callId":"call@509","time":263109.566,"message":"  content-type: application/json"}
{"type":"log","callId":"call@509","time":263109.568,"message":"  content-length: 140"}
{"type":"log","callId":"call@509","time":263357.215,"message":"← 200 OK"}
{"type":"log","callId":"call@509","time":263357.235,"message":"  date: Sat, 03 Jan 2026 05:06:21 GMT"}
{"type":"log","callId":"call@509","time":263357.239,"message":"  server: uvicorn"}
{"type":"log","callId":"call@509","time":263357.245,"message":"  content-length: 75"}
{"type":"log","callId":"call@509","time":263357.248,"message":"  content-type: application/json"}
{"type":"log","callId":"call@509","time":263357.251,"message":"  x-request-id: c6af0c5a-645a-439c-a489-916dbffad475"}
{"type":"after","callId":"call@509","endTime":263397.734,"result":{"response":{"url":"http://127.0.0.1:8001/api/v1/auth/player/register","status":200,"statusText":"OK","headers":[{"name":"date","value":"Sat, 03 Jan 2026 05:06:21 GMT"},{"name":"server","value":"uvicorn"},{"name":"content-length","value":"75"},{"name":"content-type","value":"application/json"},{"name":"x-request-id","value":"c6af0c5a-645a-439c-a489-916dbffad475"}],"fetchUid":"49590c6f5d30ecd83799c67db23f5123"}},"afterSnapshot":"after@call@509"}
{"type":"before","callId":"call@512","startTime":263399.073,"class":"APIRequestContext","method":"fetch","params":{"url":"/api/v1/auth/player/login","method":"POST","jsonData":"{\"email\":\"e2e_p06_203_1767416781327@test.local\",\"password\":\"Player123!\",\"tenant_id\":\"default_casino\"}","timeout":0},"stepId":"pw:api@35","beforeSnapshot":"before@call@512"}
{"type":"log","callId":"call@512","time":263399.376,"message":"→ POST http://127.0.0.1:8001/api/v1/auth/player/login"}
{"type":"log","callId":"call@512","time":263399.385,"message":"  user-agent: Playwright/1.57.0 (arm64; debian 12) node/20.19"}
{"type":"log","callId":"call@512","time":263399.388,"message":"  accept: */*"}
{"type":"log","callId":"call@512","time":263399.391,"message":"  accept-encoding: gzip,deflate,br"}
{"type":"log","callId":"call@512","time":263399.396,"message":"  content-type: application/json"}
{"type":"log","callId":"call@512","time":263399.398,"message":"  content-length: 101"}
{"type":"log","callId":"call@512","time":263646.691,"message":"← 200 OK"}
{"type":"log","callId":"call@512","time":263646.711,"message":"  date: Sat, 03 Jan 2026 05:06:21 GMT"}
{"type":"log","callId":"call@512","time":263646.715,"message":"  server: uvicorn"}
{"type":"log","callId":"call@512","time":263646.718,"message":"  content-length: 384"}
{"type":"log","callId":"call@512","time":263646.721,"message":"  content-type: application/json"}
{"type":"log","callId":"call@512","time":263646.724,"message":"  x-request-id: fde40db8-ccbf-4f08-a388-30ce2714becb"}
{"type":"after","callId":"call@512","endTime":263686.746,"result":{"response":{"url":"http://127.0.0.1:8001/api/v1/auth/player/login","status":200,"statusText":"OK","headers":[{"name":"date","value":"Sat, 03 Jan 2026 05:06:21 GMT"},{"name":"server","value":"uvicorn"},{"name":"content-length","value":"384"},{"name":"content-type","value":"application/json"},{"name":"x-request-id","value":"fde40db8-ccbf-4f08-a388-30ce2714becb"}],"fetchUid":"3a4f3de33ce4d63cc8829cfa9019dd10"}},"afterSnapshot":"after@call@512"}
