{"version":8,"type":"context-options","origin":"library","browserName":"","playwrightVersion":"1.57.0","options":{},"platform":"linux","wallTime":1767416775053,"monotonicTime":256825.493,"sdkLanguage":"javascript","contextId":"request-context@becc8d7d5cb232a28385192ef3f8f312","title":"game-loop.spec.ts:6 › Casino E2E with Security › Full Loop with Signed Webhooks"}
{"type":"before","callId":"call@165","startTime":256826.567,"class":"APIRequestContext","method":"fetch","params":{"url":"/api/v1/auth/player/register","method":"POST","jsonData":"{\"username\":\"gamer1767416775051\",\"email\":\"secure_gamer_1767416775051@example.com\",\"password\":\"Password123!\",\"tenant_id\":\"default_casino\"}","timeout":0},"stepId":"pw:api@31","beforeSnapshot":"before@call@165"}
{"type":"log","callId":"call@165","time":256827.06,"message":"→ POST http://127.0.0.1:8001/api/v1/auth/player/register"}
{"type":"log","callId":"call@165","time":256827.07,"message":"  user-agent: Playwright/1.57.0 (arm64; debian 12) node/20.19"}
{"type":"log","callId":"call@165","time":256827.073,"message":"  accept: */*"}
{"type":"log","callId":"call@165","time":256827.076,"message":"  accept-encoding: gzip,deflate,br"}
{"type":"log","callId":"call@165","time":256827.078,"message":"  content-type: application/json"}
{"type":"log","callId":"call@165","time":256827.081,"message":"  content-length: 137"}
{"type":"log","callId":"call@165","time":257078.648,"message":"← 200 OK"}
{"type":"log","callId":"call@165","time":257078.659,"message":"  date: Sat, 03 Jan 2026 05:06:14 GMT"}
{"type":"log","callId":"call@165","time":257078.663,"message":"  server: uvicorn"}
{"type":"log","callId":"call@165","time":257078.666,"message":"  content-length: 75"}
{"type":"log","callId":"call@165","time":257078.668,"message":"  content-type: application/json"}
{"type":"log","callId":"call@165","time":257078.671,"message":"  x-request-id: c61611a3-b2a0-4bf5-b2b5-378e83a68058"}
{"type":"after","callId":"call@165","endTime":257078.753,"result":{"response":{"url":"http://127.0.0.1:8001/api/v1/auth/player/register","status":200,"statusText":"OK","headers":[{"name":"date","value":"Sat, 03 Jan 2026 05:06:14 GMT"},{"name":"server","value":"uvicorn"},{"name":"content-length","value":"75"},{"name":"content-type","value":"application/json"},{"name":"x-request-id","value":"c61611a3-b2a0-4bf5-b2b5-378e83a68058"}],"fetchUid":"1edbec3c50fc97588fcf1a3df318fc04"}},"afterSnapshot":"after@call@165"}
{"type":"before","callId":"call@167","startTime":257079.816,"class":"APIRequestContext","method":"fetch","params":{"url":"/api/v1/auth/player/login","method":"POST","jsonData":"{\"email\":\"secure_gamer_1767416775051@example.com\",\"password\":\"Password123!\",\"tenant_id\":\"default_casino\"}","timeout":0},"stepId":"pw:api@32","beforeSnapshot":"before@call@167"}
{"type":"log","callId":"call@167","time":257080.322,"message":"→ POST http://127.0.0.1:8001/api/v1/auth/player/login"}
{"type":"log","callId":"call@167","time":257080.332,"message":"  user-agent: Playwright/1.57.0 (arm64; debian 12) node/20.19"}
{"type":"log","callId":"call@167","time":257080.337,"message":"  accept: */*"}
{"type":"log","callId":"call@167","time":257080.34,"message":"  accept-encoding: gzip,deflate,br"}
{"type":"log","callId":"call@167","time":257080.343,"message":"  content-type: application/json"}
{"type":"log","callId":"call@167","time":257080.346,"message":"  content-length: 105"}
{"type":"log","callId":"call@167","time":257325.09,"message":"← 200 OK"}
{"type":"log","callId":"call@167","time":257325.11,"message":"  date: Sat, 03 Jan 2026 05:06:15 GMT"}
{"type":"log","callId":"call@167","time":257325.114,"message":"  server: uvicorn"}
{"type":"log","callId":"call@167","time":257325.117,"message":"  content-length: 377"}
{"type":"log","callId":"call@167","time":257325.12,"message":"  content-type: application/json"}
{"type":"log","callId":"call@167","time":257325.122,"message":"  x-request-id: 99daf315-a177-4f2d-8678-5661634e5a39"}
{"type":"after","callId":"call@167","endTime":257365.809,"result":{"response":{"url":"http://127.0.0.1:8001/api/v1/auth/player/login","status":200,"statusText":"OK","headers":[{"name":"date","value":"Sat, 03 Jan 2026 05:06:15 GMT"},{"name":"server","value":"uvicorn"},{"name":"content-length","value":"377"},{"name":"content-type","value":"application/json"},{"name":"x-request-id","value":"99daf315-a177-4f2d-8678-5661634e5a39"}],"fetchUid":"1f07998a39eaf4f9cda2aac6397eb7e3"}},"afterSnapshot":"after@call@167"}
{"type":"before","callId":"call@170","startTime":257367.262,"class":"APIRequestContext","method":"fetch","params":{"url":"/api/v1/player/wallet/deposit","method":"POST","headers":[{"name":"Authorization","value":"Bearer eyJhbGciOiJIUzI1NiIsInR5cCI6IkpXVCJ9.eyJzdWIiOiJhMGExNDc4Mi1hZTI3LTQ5ZmMtYWVmZi02NTQwYWQyNDhmZTAiLCJyb2xlIjoicGxheWVyIiwidGVuYW50X2lkIjoiZGVmYXVsdF9jYXNpbm8iLCJleHAiOjE3NjgwMjE1NzV9.2NZpG1dHdYcYGj41ETGc4T-UL1FrO8OjF5b0WWNAFg0"},{"name":"Idempotency-Key","value":"e2e-dep-1767416775051"}],"jsonData":"{\"amount\":100,\"method\":\"test\"}","timeout":0},"stepId":"pw:api@33","beforeSnapshot":"before@call@170"}
{"type":"log","callId":"call@170","time":257367.851,"message":"→ POST http://127.0.0.1:8001/api/v1/player/wallet/deposit"}
{"type":"log","callId":"call@170","time":257367.86,"message":"  user-agent: Playwright/1.57.0 (arm64; debian 12) node/20.19"}
{"type":"log","callId":"call@170","time":257367.864,"message":"  accept: */*"}
{"type":"log","callId":"call@170","time":257367.867,"message":"  accept-encoding: gzip,deflate,br"}
{"type":"log","callId":"call@170","time":257367.87,"message":"  Authorization: Bearer eyJhbGciOiJIUzI1NiIsInR5cCI6IkpXVCJ9.eyJzdWIiOiJhMGExNDc4Mi1hZTI3LTQ5ZmMtYWVmZi02NTQwYWQyNDhmZTAiLCJyb2xlIjoicGxheWVyIiwidGVuYW50X2lkIjoiZGVmYXVsdF9jYXNpbm8iLCJleHAiOjE3NjgwMjE1NzV9.2NZpG1dHdYcYGj41ETGc4T-UL1FrO8OjF5b0WWNAFg0"}
{"type":"log","callId":"call@170","time":257367.873,"message":"  Idempotency-Key: e2e-dep-1767416775051"}
{"type":"log","callId":"call@170","time":257367.876,"message":"  content-type: application/json"}
{"type":"log","callId":"call@170","time":257367.878,"message":"  content-length: 30"}
{"type":"log","callId":"call@170","time":257395.193,"message":"← 200 OK"}
{"type":"log","callId":"call@170","time":257395.213,"message":"  date: Sat, 03 Jan 2026 05:06:15 GMT"}
{"type":"log","callId":"call@170","time":257395.218,"message":"  server: uvicorn"}
{"type":"log","callId":"call@170","time":257395.221,"message":"  content-length: 345"}
{"type":"log","callId":"call@170","time":257395.224,"message":"  content-type: application/json"}
{"type":"log","callId":"call@170","time":257395.226,"message":"  x-request-id: 62444663-1aa5-41e1-a3a7-8a33bb0b25c2"}
{"type":"after","callId":"call@170","endTime":257436.835,"result":{"response":{"url":"http://127.0.0.1:8001/api/v1/player/wallet/deposit","status":200,"statusText":"OK","headers":[{"name":"date","value":"Sat, 03 Jan 2026 05:06:15 GMT"},{"name":"server","value":"uvicorn"},{"name":"content-length","value":"345"},{"name":"content-type","value":"application/json"},{"name":"x-request-id","value":"62444663-1aa5-41e1-a3a7-8a33bb0b25c2"}],"fetchUid":"3f8c3e7ae01e55b7904c98c216a5bee9"}},"afterSnapshot":"after@call@170"}
